DEBUG http-nio-8081-exec-8 druid.sql.Statement - {conn-10005, pstmt-20006} executed. 39.4884 millis. insert into elder
       ( elder_name,gender,nation,age,address,medical_history,care_of_oneself,caregivers_name,relations_elder,phone,room,bed,portrait,file_id ) 
       values ( ?,?,?,?,?,?,?,?,?,?,?,?,?,? )
DEBUG http-nio-8081-exec-8 druid.sql.Statement - {conn-10005, pstmt-20006} clearParameters. 
DEBUG http-nio-8081-exec-8 druid.sql.Connection - {conn-10005} pool-recycle
DEBUG http-nio-8081-exec-3 druid.sql.Connection - {conn-10005} pool-connect
DEBUG http-nio-8081-exec-3 druid.sql.Statement - {conn-10005, pstmt-20002} Parameters : []
DEBUG http-nio-8081-exec-3 druid.sql.Statement - {conn-10005, pstmt-20002} Types : []
DEBUG http-nio-8081-exec-3 druid.sql.Statement - {conn-10005, pstmt-20002} executed. 50.3382 millis. SELECT count(0) FROM elder e LEFT JOIN file f ON e.file_id = f.file_id
DEBUG http-nio-8081-exec-3 druid.sql.ResultSet - {conn-10005, pstmt-20002, rs-50008} open
DEBUG http-nio-8081-exec-3 druid.sql.ResultSet - {conn-10005, pstmt-20002, rs-50008} Header: [count(0)]
DEBUG http-nio-8081-exec-3 druid.sql.ResultSet - {conn-10005, pstmt-20002, rs-50008} Result: [12]
DEBUG http-nio-8081-exec-3 druid.sql.ResultSet - {conn-10005, pstmt-20002, rs-50008} closed
DEBUG http-nio-8081-exec-3 druid.sql.Statement - {conn-10005, pstmt-20002} clearParameters. 
DEBUG http-nio-8081-exec-3 druid.sql.Statement - {conn-10005, pstmt-20003} Parameters : [5]
DEBUG http-nio-8081-exec-3 druid.sql.Statement - {conn-10005, pstmt-20003} Types : [INTEGER]
DEBUG http-nio-8081-exec-3 druid.sql.Statement - {conn-10005, pstmt-20003} executed. 1.5481 millis. select * from elder e
        left join file f on e.file_id=f.file_id LIMIT ? 
DEBUG http-nio-8081-exec-3 druid.sql.ResultSet - {conn-10005, pstmt-20003, rs-50009} open
DEBUG http-nio-8081-exec-3 druid.sql.ResultSet - {conn-10005, pstmt-20003, rs-50009} Header: [id, elder_name, gender, nation, age, address, medical_history, care_of_oneself, caregivers_name, relations_elder, phone, room, bed, portrait, file_id, file_id, file_url, file_name, ftp_url, ftp_name]
DEBUG http-nio-8081-exec-3 druid.sql.ResultSet - {conn-10005, pstmt-20003, rs-50009} Result: [18, 刘, 0, 汉, 12, 山大双误, dsad, dsad, 刘儿子, 1, 15934584985, 1, 1, null, 70, 70, /www/images/yx, login_bg1.png, /www/images/yx, 2019-05-05 22:23:52-login_bg1.png]
DEBUG http-nio-8081-exec-3 druid.sql.ResultSet - {conn-10005, pstmt-20003, rs-50009} Result: [19, 刘2222, 1, buzhi, 12, 山大双误, dsad, dsad, 刘儿子, 1, 15934584985, 1, 1, null, 71, 71, /www/images/yx, 新建 Microsoft Word 文档.docx, /www/images/yx, 2019-05-05 22:26:26-新建 Microsoft Word 文档.docx]
DEBUG http-nio-8081-exec-3 druid.sql.ResultSet - {conn-10005, pstmt-20003, rs-50009} Result: [20, 222, 1, 2, 2, 2, 2, 2, 2, 2, 2, 2, 2, null, 72, 72, /www/images/yx, bb.docx, /www/images/yx, 2019-06-16 21:01:22-bb.docx]
DEBUG http-nio-8081-exec-3 druid.sql.ResultSet - {conn-10005, pstmt-20003, rs-50009} Result: [21, 张某某, 1, 汉, 12, 山大双误, 无, 有, 张某某儿子, 儿子, 15934584985, 2, 1, null, 73, 73, /www/images/yx, 现代商务Word简历模板_财务类_.doc, /www/images/yx, 2019-06-17 21:23:46-现代商务Word简历模板_财务类_.doc]
DEBUG http-nio-8081-exec-3 druid.sql.ResultSet - {conn-10005, pstmt-20003, rs-50009} Result: [1, 刘某某, 1, 汉族, 99, 太原, 无, 有自理能力, 刘某某儿子, 儿子, 13834567483, 2, 1, , null, null, null, null, null, null]
DEBUG http-nio-8081-exec-3 druid.sql.ResultSet - {conn-10005, pstmt-20003, rs-50009} closed
DEBUG http-nio-8081-exec-3 druid.sql.Statement - {conn-10005, pstmt-20003} clearParameters. 
DEBUG http-nio-8081-exec-3 druid.sql.Connection - {conn-10005} pool-recycle
DEBUG http-nio-8081-exec-5 druid.sql.Connection - {conn-10005} pool-connect
DEBUG http-nio-8081-exec-5 druid.sql.Statement - {conn-10005, pstmt-20007} created. select * from elder e
        left join file f on e.file_id=f.file_id
         WHERE  id=?
DEBUG http-nio-8081-exec-5 druid.sql.Statement - {conn-10005, pstmt-20007} Parameters : [21]
DEBUG http-nio-8081-exec-5 druid.sql.Statement - {conn-10005, pstmt-20007} Types : [INTEGER]
DEBUG http-nio-8081-exec-5 druid.sql.Statement - {conn-10005, pstmt-20007} executed. 1.3061 millis. select * from elder e
        left join file f on e.file_id=f.file_id
         WHERE  id=?
DEBUG http-nio-8081-exec-5 druid.sql.ResultSet - {conn-10005, pstmt-20007, rs-50010} open
DEBUG http-nio-8081-exec-5 druid.sql.ResultSet - {conn-10005, pstmt-20007, rs-50010} Header: [id, elder_name, gender, nation, age, address, medical_history, care_of_oneself, caregivers_name, relations_elder, phone, room, bed, portrait, file_id, file_id, file_url, file_name, ftp_url, ftp_name]
DEBUG http-nio-8081-exec-5 druid.sql.ResultSet - {conn-10005, pstmt-20007, rs-50010} Result: [21, 张某某, 1, 汉, 12, 山大双误, 无, 有, 张某某儿子, 儿子, 15934584985, 2, 1, null, 73, 73, /www/images/yx, 现代商务Word简历模板_财务类_.doc, /www/images/yx, 2019-06-17 21:23:46-现代商务Word简历模板_财务类_.doc]
DEBUG http-nio-8081-exec-5 druid.sql.ResultSet - {conn-10005, pstmt-20007, rs-50010} closed
DEBUG http-nio-8081-exec-5 druid.sql.Statement - {conn-10005, pstmt-20007} clearParameters. 
DEBUG http-nio-8081-exec-5 druid.sql.Connection - {conn-10005} pool-recycle
DEBUG http-nio-8081-exec-7 druid.sql.Connection - {conn-10005} pool-connect
DEBUG http-nio-8081-exec-7 druid.sql.Statement - {conn-10005, pstmt-20008} created. select * from elder e
        left join file f on e.file_id=f.file_id
         WHERE  id=?
            
            
               and elder_name=?
            
            
               and caregivers_name=?
DEBUG http-nio-8081-exec-7 druid.sql.Statement - {conn-10005, pstmt-20008} Parameters : [21, 张某某, 张某某儿子]
DEBUG http-nio-8081-exec-7 druid.sql.Statement - {conn-10005, pstmt-20008} Types : [INTEGER, VARCHAR, VARCHAR]
DEBUG http-nio-8081-exec-7 druid.sql.Statement - {conn-10005, pstmt-20008} executed. 1.1126 millis. select * from elder e
        left join file f on e.file_id=f.file_id
         WHERE  id=?
            
            
               and elder_name=?
            
            
               and caregivers_name=?
DEBUG http-nio-8081-exec-7 druid.sql.ResultSet - {conn-10005, pstmt-20008, rs-50011} open
DEBUG http-nio-8081-exec-7 druid.sql.ResultSet - {conn-10005, pstmt-20008, rs-50011} Header: [id, elder_name, gender, nation, age, address, medical_history, care_of_oneself, caregivers_name, relations_elder, phone, room, bed, portrait, file_id, file_id, file_url, file_name, ftp_url, ftp_name]
DEBUG http-nio-8081-exec-7 druid.sql.ResultSet - {conn-10005, pstmt-20008, rs-50011} Result: [21, 张某某, 1, 汉, 12, 山大双误, 无, 有, 张某某儿子, 儿子, 15934584985, 2, 1, null, 73, 73, /www/images/yx, 现代商务Word简历模板_财务类_.doc, /www/images/yx, 2019-06-17 21:23:46-现代商务Word简历模板_财务类_.doc]
DEBUG http-nio-8081-exec-7 druid.sql.ResultSet - {conn-10005, pstmt-20008, rs-50011} closed
DEBUG http-nio-8081-exec-7 druid.sql.Statement - {conn-10005, pstmt-20008} clearParameters. 
DEBUG http-nio-8081-exec-7 druid.sql.Connection - {conn-10005} pool-recycle
DEBUG http-nio-8081-exec-8 druid.sql.Connection - {conn-10005} pool-connect
DEBUG http-nio-8081-exec-8 druid.sql.Statement - {conn-10005, pstmt-20009} created. update elder set
        elder_name=?,
        gender=?,
        nation=?,
        age=?,
        address=?,
        medical_history=?,
        care_of_oneself=?,
        caregivers_name=?,
        relations_elder=?,
        phone=?,
        room=?,
        bed=?,
        portrait=?
      where id=?
DEBUG http-nio-8081-exec-8 druid.sql.Statement - {conn-10005, pstmt-20009} Parameters : [张某某, 1, 汉, 52, 山大双误, 无, 有, 张某某儿子, 儿子, 15934584985, 2, 1, null, 21]
DEBUG http-nio-8081-exec-8 druid.sql.Statement - {conn-10005, pstmt-20009} Types : [VARCHAR, INTEGER, VARCHAR, INTEGER, VARCHAR, VARCHAR, VARCHAR, VARCHAR, VARCHAR, VARCHAR, INTEGER, INTEGER, OTHER, INTEGER]
DEBUG http-nio-8081-exec-8 druid.sql.Statement - {conn-10005, pstmt-20009} executed. 28.637 millis. update elder set
        elder_name=?,
        gender=?,
        nation=?,
        age=?,
        address=?,
        medical_history=?,
        care_of_oneself=?,
        caregivers_name=?,
        relations_elder=?,
        phone=?,
        room=?,
        bed=?,
        portrait=?
      where id=?
DEBUG http-nio-8081-exec-8 druid.sql.Statement - {conn-10005, pstmt-20009} clearParameters. 
DEBUG http-nio-8081-exec-8 druid.sql.Connection - {conn-10005} pool-recycle
DEBUG http-nio-8081-exec-3 druid.sql.Connection - {conn-10005} pool-connect
DEBUG http-nio-8081-exec-3 druid.sql.Statement - {conn-10005, pstmt-20002} Parameters : []
DEBUG http-nio-8081-exec-3 druid.sql.Statement - {conn-10005, pstmt-20002} Types : []
DEBUG http-nio-8081-exec-3 druid.sql.Statement - {conn-10005, pstmt-20002} executed. 0.8524 millis. SELECT count(0) FROM elder e LEFT JOIN file f ON e.file_id = f.file_id
DEBUG http-nio-8081-exec-3 druid.sql.ResultSet - {conn-10005, pstmt-20002, rs-50012} open
DEBUG http-nio-8081-exec-3 druid.sql.ResultSet - {conn-10005, pstmt-20002, rs-50012} Header: [count(0)]
DEBUG http-nio-8081-exec-3 druid.sql.ResultSet - {conn-10005, pstmt-20002, rs-50012} Result: [12]
DEBUG http-nio-8081-exec-3 druid.sql.ResultSet - {conn-10005, pstmt-20002, rs-50012} closed
DEBUG http-nio-8081-exec-3 druid.sql.Statement - {conn-10005, pstmt-20002} clearParameters. 
DEBUG http-nio-8081-exec-3 druid.sql.Statement - {conn-10005, pstmt-20003} Parameters : [5]
DEBUG http-nio-8081-exec-3 druid.sql.Statement - {conn-10005, pstmt-20003} Types : [INTEGER]
DEBUG http-nio-8081-exec-3 druid.sql.Statement - {conn-10005, pstmt-20003} executed. 1.4551 millis. select * from elder e
        left join file f on e.file_id=f.file_id LIMIT ? 
DEBUG http-nio-8081-exec-3 druid.sql.ResultSet - {conn-10005, pstmt-20003, rs-50013} open
DEBUG http-nio-8081-exec-3 druid.sql.ResultSet - {conn-10005, pstmt-20003, rs-50013} Header: [id, elder_name, gender, nation, age, address, medical_history, care_of_oneself, caregivers_name, relations_elder, phone, room, bed, portrait, file_id, file_id, file_url, file_name, ftp_url, ftp_name]
DEBUG http-nio-8081-exec-3 druid.sql.ResultSet - {conn-10005, pstmt-20003, rs-50013} Result: [18, 刘, 0, 汉, 12, 山大双误, dsad, dsad, 刘儿子, 1, 15934584985, 1, 1, null, 70, 70, /www/images/yx, login_bg1.png, /www/images/yx, 2019-05-05 22:23:52-login_bg1.png]
DEBUG http-nio-8081-exec-3 druid.sql.ResultSet - {conn-10005, pstmt-20003, rs-50013} Result: [19, 刘2222, 1, buzhi, 12, 山大双误, dsad, dsad, 刘儿子, 1, 15934584985, 1, 1, null, 71, 71, /www/images/yx, 新建 Microsoft Word 文档.docx, /www/images/yx, 2019-05-05 22:26:26-新建 Microsoft Word 文档.docx]
DEBUG http-nio-8081-exec-3 druid.sql.ResultSet - {conn-10005, pstmt-20003, rs-50013} Result: [20, 222, 1, 2, 2, 2, 2, 2, 2, 2, 2, 2, 2, null, 72, 72, /www/images/yx, bb.docx, /www/images/yx, 2019-06-16 21:01:22-bb.docx]
DEBUG http-nio-8081-exec-3 druid.sql.ResultSet - {conn-10005, pstmt-20003, rs-50013} Result: [21, 张某某, 1, 汉, 52, 山大双误, 无, 有, 张某某儿子, 儿子, 15934584985, 2, 1, null, 73, 73, /www/images/yx, 现代商务Word简历模板_财务类_.doc, /www/images/yx, 2019-06-17 21:23:46-现代商务Word简历模板_财务类_.doc]
DEBUG http-nio-8081-exec-3 druid.sql.ResultSet - {conn-10005, pstmt-20003, rs-50013} Result: [1, 刘某某, 1, 汉族, 99, 太原, 无, 有自理能力, 刘某某儿子, 儿子, 13834567483, 2, 1, , null, null, null, null, null, null]
DEBUG http-nio-8081-exec-3 druid.sql.ResultSet - {conn-10005, pstmt-20003, rs-50013} closed
DEBUG http-nio-8081-exec-3 druid.sql.Statement - {conn-10005, pstmt-20003} clearParameters. 
DEBUG http-nio-8081-exec-3 druid.sql.Connection - {conn-10005} pool-recycle
DEBUG http-nio-8081-exec-5 druid.sql.Connection - {conn-10005} pool-connect
DEBUG http-nio-8081-exec-5 druid.sql.Statement - {conn-10005, pstmt-20010} created. SELECT count(0) FROM ELDER WHERE elder_name LIKE '%刘某某%'
DEBUG http-nio-8081-exec-5 druid.sql.Statement - {conn-10005, pstmt-20010} Parameters : []
DEBUG http-nio-8081-exec-5 druid.sql.Statement - {conn-10005, pstmt-20010} Types : []
DEBUG http-nio-8081-exec-5 druid.sql.Statement - {conn-10005, pstmt-20010} executed. 1.1762 millis. SELECT count(0) FROM ELDER WHERE elder_name LIKE '%刘某某%'
DEBUG http-nio-8081-exec-5 druid.sql.ResultSet - {conn-10005, pstmt-20010, rs-50014} open
DEBUG http-nio-8081-exec-5 druid.sql.ResultSet - {conn-10005, pstmt-20010, rs-50014} Header: [count(0)]
DEBUG http-nio-8081-exec-5 druid.sql.ResultSet - {conn-10005, pstmt-20010, rs-50014} Result: [4]
DEBUG http-nio-8081-exec-5 druid.sql.ResultSet - {conn-10005, pstmt-20010, rs-50014} closed
DEBUG http-nio-8081-exec-5 druid.sql.Statement - {conn-10005, pstmt-20010} clearParameters. 
DEBUG http-nio-8081-exec-5 druid.sql.Statement - {conn-10005, pstmt-20011} created. SELECT * FROM ELDER
         WHERE elder_name like '%刘某某%' LIMIT ? 
DEBUG http-nio-8081-exec-5 druid.sql.Statement - {conn-10005, pstmt-20011} Parameters : [5]
DEBUG http-nio-8081-exec-5 druid.sql.Statement - {conn-10005, pstmt-20011} Types : [INTEGER]
DEBUG http-nio-8081-exec-5 druid.sql.Statement - {conn-10005, pstmt-20011} executed. 1.3831 millis. SELECT * FROM ELDER
         WHERE elder_name like '%刘某某%' LIMIT ? 
DEBUG http-nio-8081-exec-5 druid.sql.ResultSet - {conn-10005, pstmt-20011, rs-50015} open
DEBUG http-nio-8081-exec-5 druid.sql.ResultSet - {conn-10005, pstmt-20011, rs-50015} Header: [id, elder_name, gender, nation, age, address, medical_history, care_of_oneself, caregivers_name, relations_elder, phone, room, bed, portrait, file_id]
DEBUG http-nio-8081-exec-5 druid.sql.ResultSet - {conn-10005, pstmt-20011, rs-50015} Result: [1, 刘某某, 1, 汉族, 99, 太原, 无, 有自理能力, 刘某某儿子, 儿子, 13834567483, 2, 1, , null]
DEBUG http-nio-8081-exec-5 druid.sql.ResultSet - {conn-10005, pstmt-20011, rs-50015} Result: [3, 刘某某, 1, 汉族, 99, 太原, 无, 有自理能力, 刘某某儿子, 儿子, 13834567483, 2, 1, , null]
DEBUG http-nio-8081-exec-5 druid.sql.ResultSet - {conn-10005, pstmt-20011, rs-50015} Result: [4, 刘某某, 1, 汉族, 99, 太原, 无, 有自理能力, 刘某某儿子, 儿子, 13834567483, 2, 1, , null]
DEBUG http-nio-8081-exec-5 druid.sql.ResultSet - {conn-10005, pstmt-20011, rs-50015} Result: [5, 刘某某, 1, 汉族, 99, 太原, 无, 有自理能力, 刘某某儿子, 儿子, 13834567483, 2, 1, , null]
DEBUG http-nio-8081-exec-5 druid.sql.ResultSet - {conn-10005, pstmt-20011, rs-50015} closed
DEBUG http-nio-8081-exec-5 druid.sql.Statement - {conn-10005, pstmt-20011} clearParameters. 
DEBUG http-nio-8081-exec-5 druid.sql.Connection - {conn-10005} pool-recycle
DEBUG http-nio-8081-exec-9 druid.sql.Connection - {conn-10005} pool-connect
DEBUG http-nio-8081-exec-9 druid.sql.Statement - {conn-10005, pstmt-20012} created. DELETE FROM elder where id=?
DEBUG http-nio-8081-exec-9 druid.sql.Statement - {conn-10005, pstmt-20012} Parameters : [1]
DEBUG http-nio-8081-exec-9 druid.sql.Statement - {conn-10005, pstmt-20012} Types : [INTEGER]
DEBUG http-nio-8081-exec-9 druid.sql.Statement - {conn-10005, pstmt-20012} executed. 23.6086 millis. DELETE FROM elder where id=?
DEBUG http-nio-8081-exec-9 druid.sql.Statement - {conn-10005, pstmt-20012} clearParameters. 
DEBUG http-nio-8081-exec-9 druid.sql.Connection - {conn-10005} pool-recycle
DEBUG http-nio-8081-exec-9 druid.sql.Connection - {conn-10005} pool-connect
DEBUG http-nio-8081-exec-9 druid.sql.Statement - {conn-10005, pstmt-20013} created. SELECT * FROM elder
DEBUG http-nio-8081-exec-9 druid.sql.Statement - {conn-10005, pstmt-20013} Parameters : []
DEBUG http-nio-8081-exec-9 druid.sql.Statement - {conn-10005, pstmt-20013} Types : []
DEBUG http-nio-8081-exec-9 druid.sql.Statement - {conn-10005, pstmt-20013} executed. 6.0748 millis. SELECT * FROM elder
DEBUG http-nio-8081-exec-9 druid.sql.ResultSet - {conn-10005, pstmt-20013, rs-50016} open
DEBUG http-nio-8081-exec-9 druid.sql.ResultSet - {conn-10005, pstmt-20013, rs-50016} Header: [id, elder_name, gender, nation, age, address, medical_history, care_of_oneself, caregivers_name, relations_elder, phone, room, bed, portrait, file_id]
DEBUG http-nio-8081-exec-9 druid.sql.ResultSet - {conn-10005, pstmt-20013, rs-50016} Result: [2, 李某某, 0, 藏族, 88, 大同, 无, 无自理能力, 李某某的女儿, 女儿, 12738432348, 5, 2, , null]
DEBUG http-nio-8081-exec-9 druid.sql.ResultSet - {conn-10005, pstmt-20013, rs-50016} Result: [3, 刘某某, 1, 汉族, 99, 太原, 无, 有自理能力, 刘某某儿子, 儿子, 13834567483, 2, 1, , null]
DEBUG http-nio-8081-exec-9 druid.sql.ResultSet - {conn-10005, pstmt-20013, rs-50016} Result: [4, 刘某某, 1, 汉族, 99, 太原, 无, 有自理能力, 刘某某儿子, 儿子, 13834567483, 2, 1, , null]
DEBUG http-nio-8081-exec-9 druid.sql.ResultSet - {conn-10005, pstmt-20013, rs-50016} Result: [5, 刘某某, 1, 汉族, 99, 太原, 无, 有自理能力, 刘某某儿子, 儿子, 13834567483, 2, 1, , null]
DEBUG http-nio-8081-exec-9 druid.sql.ResultSet - {conn-10005, pstmt-20013, rs-50016} Result: [13, 122, 1, 1, 1222, 1, 1, 1, 1, 1, 1, 1, 1, , null]
DEBUG http-nio-8081-exec-9 druid.sql.ResultSet - {conn-10005, pstmt-20013, rs-50016} Result: [14, 李某某, 1, 1, 188, 1, 1, 1, 李某某儿子, 1, 1, 1, 1, null, null]
DEBUG http-nio-8081-exec-9 druid.sql.ResultSet - {conn-10005, pstmt-20013, rs-50016} Result: [15, 李某某, 0, 1, 1943, 1, 1, 1, 1, 1, 1, 1, 1, null, null]
DEBUG http-nio-8081-exec-9 druid.sql.ResultSet - {conn-10005, pstmt-20013, rs-50016} Result: [18, 刘, 0, 汉, 12, 山大双误, dsad, dsad, 刘儿子, 1, 15934584985, 1, 1, null, 70]
DEBUG http-nio-8081-exec-9 druid.sql.ResultSet - {conn-10005, pstmt-20013, rs-50016} Result: [19, 刘2222, 1, buzhi, 12, 山大双误, dsad, dsad, 刘儿子, 1, 15934584985, 1, 1, null, 71]
DEBUG http-nio-8081-exec-9 druid.sql.ResultSet - {conn-10005, pstmt-20013, rs-50016} Result: [20, 222, 1, 2, 2, 2, 2, 2, 2, 2, 2, 2, 2, null, 72]
DEBUG http-nio-8081-exec-9 druid.sql.ResultSet - {conn-10005, pstmt-20013, rs-50016} Result: [21, 张某某, 1, 汉, 52, 山大双误, 无, 有, 张某某儿子, 儿子, 15934584985, 2, 1, null, 73]
DEBUG http-nio-8081-exec-9 druid.sql.ResultSet - {conn-10005, pstmt-20013, rs-50016} closed
DEBUG http-nio-8081-exec-9 druid.sql.Statement - {conn-10005, pstmt-20013} clearParameters. 
DEBUG http-nio-8081-exec-9 druid.sql.Connection - {conn-10005} pool-recycle
DEBUG http-nio-8081-exec-8 druid.sql.Connection - {conn-10005} pool-connect
DEBUG http-nio-8081-exec-8 druid.sql.Statement - {conn-10005, pstmt-20010} Parameters : []
DEBUG http-nio-8081-exec-8 druid.sql.Statement - {conn-10005, pstmt-20010} Types : []
DEBUG http-nio-8081-exec-8 druid.sql.Statement - {conn-10005, pstmt-20010} executed. 1.2621 millis. SELECT count(0) FROM ELDER WHERE elder_name LIKE '%刘某某%'
DEBUG http-nio-8081-exec-8 druid.sql.ResultSet - {conn-10005, pstmt-20010, rs-50017} open
DEBUG http-nio-8081-exec-8 druid.sql.ResultSet - {conn-10005, pstmt-20010, rs-50017} Header: [count(0)]
DEBUG http-nio-8081-exec-8 druid.sql.ResultSet - {conn-10005, pstmt-20010, rs-50017} Result: [3]
DEBUG http-nio-8081-exec-8 druid.sql.ResultSet - {conn-10005, pstmt-20010, rs-50017} closed
DEBUG http-nio-8081-exec-8 druid.sql.Statement - {conn-10005, pstmt-20010} clearParameters. 
DEBUG http-nio-8081-exec-8 druid.sql.Statement - {conn-10005, pstmt-20011} Parameters : [5]
DEBUG http-nio-8081-exec-8 druid.sql.Statement - {conn-10005, pstmt-20011} Types : [INTEGER]
DEBUG http-nio-8081-exec-8 druid.sql.Statement - {conn-10005, pstmt-20011} executed. 1.7715 millis. SELECT * FROM ELDER
         WHERE elder_name like '%刘某某%' LIMIT ? 
DEBUG http-nio-8081-exec-8 druid.sql.ResultSet - {conn-10005, pstmt-20011, rs-50018} open
DEBUG http-nio-8081-exec-8 druid.sql.ResultSet - {conn-10005, pstmt-20011, rs-50018} Header: [id, elder_name, gender, nation, age, address, medical_history, care_of_oneself, caregivers_name, relations_elder, phone, room, bed, portrait, file_id]
DEBUG http-nio-8081-exec-8 druid.sql.ResultSet - {conn-10005, pstmt-20011, rs-50018} Result: [3, 刘某某, 1, 汉族, 99, 太原, 无, 有自理能力, 刘某某儿子, 儿子, 13834567483, 2, 1, , null]
DEBUG http-nio-8081-exec-8 druid.sql.ResultSet - {conn-10005, pstmt-20011, rs-50018} Result: [4, 刘某某, 1, 汉族, 99, 太原, 无, 有自理能力, 刘某某儿子, 儿子, 13834567483, 2, 1, , null]
DEBUG http-nio-8081-exec-8 druid.sql.ResultSet - {conn-10005, pstmt-20011, rs-50018} Result: [5, 刘某某, 1, 汉族, 99, 太原, 无, 有自理能力, 刘某某儿子, 儿子, 13834567483, 2, 1, , null]
DEBUG http-nio-8081-exec-8 druid.sql.ResultSet - {conn-10005, pstmt-20011, rs-50018} closed
DEBUG http-nio-8081-exec-8 druid.sql.Statement - {conn-10005, pstmt-20011} clearParameters. 
DEBUG http-nio-8081-exec-8 druid.sql.Connection - {conn-10005} pool-recycle
DEBUG http-nio-8081-exec-3 druid.sql.Connection - {conn-10001} connected
DEBUG http-nio-8081-exec-3 druid.sql.Connection - {conn-10002} connected
DEBUG http-nio-8081-exec-3 druid.sql.Connection - {conn-10003} connected
DEBUG http-nio-8081-exec-3 druid.sql.Connection - {conn-10004} connected
DEBUG http-nio-8081-exec-3 druid.sql.Connection - {conn-10005} connected
DEBUG http-nio-8081-exec-3 druid.sql.Connection - {conn-10005} pool-connect
DEBUG http-nio-8081-exec-3 druid.sql.Statement - {conn-10005, pstmt-20000} created. SELECT * FROM user
DEBUG http-nio-8081-exec-3 druid.sql.Statement - {conn-10005, pstmt-20000} Parameters : []
DEBUG http-nio-8081-exec-3 druid.sql.Statement - {conn-10005, pstmt-20000} Types : []
DEBUG http-nio-8081-exec-3 druid.sql.Statement - {conn-10005, pstmt-20000} executed. 40.6554 millis. SELECT * FROM user
DEBUG http-nio-8081-exec-3 druid.sql.ResultSet - {conn-10005, pstmt-20000, rs-50000} open
DEBUG http-nio-8081-exec-3 druid.sql.ResultSet - {conn-10005, pstmt-20000, rs-50000} Header: [id, user_name, pass_word]
DEBUG http-nio-8081-exec-3 druid.sql.ResultSet - {conn-10005, pstmt-20000, rs-50000} Result: [1, admin, 123456]
DEBUG http-nio-8081-exec-3 druid.sql.ResultSet - {conn-10005, pstmt-20000, rs-50000} Result: [2, xu, 123456]
DEBUG http-nio-8081-exec-3 druid.sql.ResultSet - {conn-10005, pstmt-20000, rs-50000} Result: [3, yanxu, yanxu]
DEBUG http-nio-8081-exec-3 druid.sql.ResultSet - {conn-10005, pstmt-20000, rs-50000} Result: [13, qqq, qqq]
DEBUG http-nio-8081-exec-3 druid.sql.ResultSet - {conn-10005, pstmt-20000, rs-50000} Result: [14, ww, ww]
DEBUG http-nio-8081-exec-3 druid.sql.ResultSet - {conn-10005, pstmt-20000, rs-50000} closed
DEBUG http-nio-8081-exec-3 druid.sql.Statement - {conn-10005, pstmt-20000} clearParameters. 
DEBUG http-nio-8081-exec-3 druid.sql.Connection - {conn-10005} pool-recycle
DEBUG http-nio-8081-exec-6 druid.sql.Connection - {conn-10005} pool-connect
DEBUG http-nio-8081-exec-6 druid.sql.Statement - {conn-10005, pstmt-20001} created. SELECT count(0) FROM elder e LEFT JOIN file f ON e.file_id = f.file_id
DEBUG http-nio-8081-exec-6 druid.sql.Statement - {conn-10005, pstmt-20001} Parameters : []
DEBUG http-nio-8081-exec-6 druid.sql.Statement - {conn-10005, pstmt-20001} Types : []
DEBUG http-nio-8081-exec-6 druid.sql.Statement - {conn-10005, pstmt-20001} executed. 28.1393 millis. SELECT count(0) FROM elder e LEFT JOIN file f ON e.file_id = f.file_id
DEBUG http-nio-8081-exec-6 druid.sql.ResultSet - {conn-10005, pstmt-20001, rs-50001} open
DEBUG http-nio-8081-exec-6 druid.sql.ResultSet - {conn-10005, pstmt-20001, rs-50001} Header: [count(0)]
DEBUG http-nio-8081-exec-6 druid.sql.ResultSet - {conn-10005, pstmt-20001, rs-50001} Result: [11]
DEBUG http-nio-8081-exec-6 druid.sql.ResultSet - {conn-10005, pstmt-20001, rs-50001} closed
DEBUG http-nio-8081-exec-6 druid.sql.Statement - {conn-10005, pstmt-20001} clearParameters. 
DEBUG http-nio-8081-exec-6 druid.sql.Statement - {conn-10005, pstmt-20002} created. select * from elder e
        left join file f on e.file_id=f.file_id LIMIT ? 
DEBUG http-nio-8081-exec-6 druid.sql.Statement - {conn-10005, pstmt-20002} Parameters : [5]
DEBUG http-nio-8081-exec-6 druid.sql.Statement - {conn-10005, pstmt-20002} Types : [INTEGER]
DEBUG http-nio-8081-exec-6 druid.sql.Statement - {conn-10005, pstmt-20002} executed. 5.046 millis. select * from elder e
        left join file f on e.file_id=f.file_id LIMIT ? 
DEBUG http-nio-8081-exec-6 druid.sql.ResultSet - {conn-10005, pstmt-20002, rs-50002} open
DEBUG http-nio-8081-exec-6 druid.sql.ResultSet - {conn-10005, pstmt-20002, rs-50002} Header: [id, elder_name, gender, nation, age, address, medical_history, care_of_oneself, caregivers_name, relations_elder, phone, room, bed, portrait, file_id, file_id, file_url, file_name, ftp_url, ftp_name]
DEBUG http-nio-8081-exec-6 druid.sql.ResultSet - {conn-10005, pstmt-20002, rs-50002} Result: [18, 刘, 0, 汉, 12, 山大双误, dsad, dsad, 刘儿子, 1, 15934584985, 1, 1, null, 70, 70, /www/images/yx, login_bg1.png, /www/images/yx, 2019-05-05 22:23:52-login_bg1.png]
DEBUG http-nio-8081-exec-6 druid.sql.ResultSet - {conn-10005, pstmt-20002, rs-50002} Result: [19, 刘2222, 1, buzhi, 12, 山大双误, dsad, dsad, 刘儿子, 1, 15934584985, 1, 1, null, 71, 71, /www/images/yx, 新建 Microsoft Word 文档.docx, /www/images/yx, 2019-05-05 22:26:26-新建 Microsoft Word 文档.docx]
DEBUG http-nio-8081-exec-6 druid.sql.ResultSet - {conn-10005, pstmt-20002, rs-50002} Result: [20, 222, 1, 2, 2, 2, 2, 2, 2, 2, 2, 2, 2, null, 72, 72, /www/images/yx, bb.docx, /www/images/yx, 2019-06-16 21:01:22-bb.docx]
DEBUG http-nio-8081-exec-6 druid.sql.ResultSet - {conn-10005, pstmt-20002, rs-50002} Result: [21, 张某某, 1, 汉, 52, 山大双误, 无, 有, 张某某儿子, 儿子, 15934584985, 2, 1, null, 73, 73, /www/images/yx, 现代商务Word简历模板_财务类_.doc, /www/images/yx, 2019-06-17 21:23:46-现代商务Word简历模板_财务类_.doc]
DEBUG http-nio-8081-exec-6 druid.sql.ResultSet - {conn-10005, pstmt-20002, rs-50002} Result: [2, 李某某, 0, 藏族, 88, 大同, 无, 无自理能力, 李某某的女儿, 女儿, 12738432348, 5, 2, , null, null, null, null, null, null]
DEBUG http-nio-8081-exec-6 druid.sql.ResultSet - {conn-10005, pstmt-20002, rs-50002} closed
DEBUG http-nio-8081-exec-6 druid.sql.Statement - {conn-10005, pstmt-20002} clearParameters. 
DEBUG http-nio-8081-exec-6 druid.sql.Connection - {conn-10005} pool-recycle
DEBUG http-nio-8081-exec-8 druid.sql.Connection - {conn-10005} pool-connect
DEBUG http-nio-8081-exec-8 druid.sql.Statement - {conn-10005, pstmt-20003} created. SELECT count(0) FROM ELDER
DEBUG http-nio-8081-exec-8 druid.sql.Statement - {conn-10005, pstmt-20003} Parameters : []
DEBUG http-nio-8081-exec-8 druid.sql.Statement - {conn-10005, pstmt-20003} Types : []
DEBUG http-nio-8081-exec-8 druid.sql.Statement - {conn-10005, pstmt-20003} executed. 1.1041 millis. SELECT count(0) FROM ELDER
DEBUG http-nio-8081-exec-8 druid.sql.ResultSet - {conn-10005, pstmt-20003, rs-50003} open
DEBUG http-nio-8081-exec-8 druid.sql.ResultSet - {conn-10005, pstmt-20003, rs-50003} Header: [count(0)]
DEBUG http-nio-8081-exec-8 druid.sql.ResultSet - {conn-10005, pstmt-20003, rs-50003} Result: [11]
DEBUG http-nio-8081-exec-8 druid.sql.ResultSet - {conn-10005, pstmt-20003, rs-50003} closed
DEBUG http-nio-8081-exec-8 druid.sql.Statement - {conn-10005, pstmt-20003} clearParameters. 
DEBUG http-nio-8081-exec-8 druid.sql.Statement - {conn-10005, pstmt-20004} created. SELECT * FROM ELDER LIMIT ?, ? 
DEBUG http-nio-8081-exec-8 druid.sql.Statement - {conn-10005, pstmt-20004} Parameters : [5, 5]
DEBUG http-nio-8081-exec-8 druid.sql.Statement - {conn-10005, pstmt-20004} Types : [INTEGER, INTEGER]
DEBUG http-nio-8081-exec-8 druid.sql.Statement - {conn-10005, pstmt-20004} executed. 1.6602 millis. SELECT * FROM ELDER LIMIT ?, ? 
DEBUG http-nio-8081-exec-8 druid.sql.ResultSet - {conn-10005, pstmt-20004, rs-50004} open
DEBUG http-nio-8081-exec-8 druid.sql.ResultSet - {conn-10005, pstmt-20004, rs-50004} Header: [id, elder_name, gender, nation, age, address, medical_history, care_of_oneself, caregivers_name, relations_elder, phone, room, bed, portrait, file_id]
DEBUG http-nio-8081-exec-8 druid.sql.ResultSet - {conn-10005, pstmt-20004, rs-50004} Result: [14, 李某某, 1, 1, 188, 1, 1, 1, 李某某儿子, 1, 1, 1, 1, null, null]
DEBUG http-nio-8081-exec-8 druid.sql.ResultSet - {conn-10005, pstmt-20004, rs-50004} Result: [15, 李某某, 0, 1, 1943, 1, 1, 1, 1, 1, 1, 1, 1, null, null]
DEBUG http-nio-8081-exec-8 druid.sql.ResultSet - {conn-10005, pstmt-20004, rs-50004} Result: [18, 刘, 0, 汉, 12, 山大双误, dsad, dsad, 刘儿子, 1, 15934584985, 1, 1, null, 70]
DEBUG http-nio-8081-exec-8 druid.sql.ResultSet - {conn-10005, pstmt-20004, rs-50004} Result: [19, 刘2222, 1, buzhi, 12, 山大双误, dsad, dsad, 刘儿子, 1, 15934584985, 1, 1, null, 71]
DEBUG http-nio-8081-exec-8 druid.sql.ResultSet - {conn-10005, pstmt-20004, rs-50004} Result: [20, 222, 1, 2, 2, 2, 2, 2, 2, 2, 2, 2, 2, null, 72]
DEBUG http-nio-8081-exec-8 druid.sql.ResultSet - {conn-10005, pstmt-20004, rs-50004} closed
DEBUG http-nio-8081-exec-8 druid.sql.Statement - {conn-10005, pstmt-20004} clearParameters. 
DEBUG http-nio-8081-exec-8 druid.sql.Connection - {conn-10005} pool-recycle
DEBUG http-nio-8081-exec-10 druid.sql.Connection - {conn-10005} pool-connect
DEBUG http-nio-8081-exec-10 druid.sql.Statement - {conn-10005, pstmt-20003} Parameters : []
DEBUG http-nio-8081-exec-10 druid.sql.Statement - {conn-10005, pstmt-20003} Types : []
DEBUG http-nio-8081-exec-10 druid.sql.Statement - {conn-10005, pstmt-20003} executed. 1.0026 millis. SELECT count(0) FROM ELDER
DEBUG http-nio-8081-exec-10 druid.sql.ResultSet - {conn-10005, pstmt-20003, rs-50005} open
DEBUG http-nio-8081-exec-10 druid.sql.ResultSet - {conn-10005, pstmt-20003, rs-50005} Header: [count(0)]
DEBUG http-nio-8081-exec-10 druid.sql.ResultSet - {conn-10005, pstmt-20003, rs-50005} Result: [11]
DEBUG http-nio-8081-exec-10 druid.sql.ResultSet - {conn-10005, pstmt-20003, rs-50005} closed
DEBUG http-nio-8081-exec-10 druid.sql.Statement - {conn-10005, pstmt-20003} clearParameters. 
DEBUG http-nio-8081-exec-10 druid.sql.Statement - {conn-10005, pstmt-20004} Parameters : [10, 5]
DEBUG http-nio-8081-exec-10 druid.sql.Statement - {conn-10005, pstmt-20004} Types : [INTEGER, INTEGER]
DEBUG http-nio-8081-exec-10 druid.sql.Statement - {conn-10005, pstmt-20004} executed. 1.7888 millis. SELECT * FROM ELDER LIMIT ?, ? 
DEBUG http-nio-8081-exec-10 druid.sql.ResultSet - {conn-10005, pstmt-20004, rs-50006} open
DEBUG http-nio-8081-exec-10 druid.sql.ResultSet - {conn-10005, pstmt-20004, rs-50006} Header: [id, elder_name, gender, nation, age, address, medical_history, care_of_oneself, caregivers_name, relations_elder, phone, room, bed, portrait, file_id]
DEBUG http-nio-8081-exec-10 druid.sql.ResultSet - {conn-10005, pstmt-20004, rs-50006} Result: [21, 张某某, 1, 汉, 52, 山大双误, 无, 有, 张某某儿子, 儿子, 15934584985, 2, 1, null, 73]
DEBUG http-nio-8081-exec-10 druid.sql.ResultSet - {conn-10005, pstmt-20004, rs-50006} closed
DEBUG http-nio-8081-exec-10 druid.sql.Statement - {conn-10005, pstmt-20004} clearParameters. 
DEBUG http-nio-8081-exec-10 druid.sql.Connection - {conn-10005} pool-recycle
DEBUG http-nio-8081-exec-2 druid.sql.Connection - {conn-10005} pool-connect
DEBUG http-nio-8081-exec-2 druid.sql.Statement - {conn-10005, pstmt-20003} Parameters : []
DEBUG http-nio-8081-exec-2 druid.sql.Statement - {conn-10005, pstmt-20003} Types : []
DEBUG http-nio-8081-exec-2 druid.sql.Statement - {conn-10005, pstmt-20003} executed. 0.9107 millis. SELECT count(0) FROM ELDER
DEBUG http-nio-8081-exec-2 druid.sql.ResultSet - {conn-10005, pstmt-20003, rs-50007} open
DEBUG http-nio-8081-exec-2 druid.sql.ResultSet - {conn-10005, pstmt-20003, rs-50007} Header: [count(0)]
DEBUG http-nio-8081-exec-2 druid.sql.ResultSet - {conn-10005, pstmt-20003, rs-50007} Result: [11]
DEBUG http-nio-8081-exec-2 druid.sql.ResultSet - {conn-10005, pstmt-20003, rs-50007} closed
DEBUG http-nio-8081-exec-2 druid.sql.Statement - {conn-10005, pstmt-20003} clearParameters. 
DEBUG http-nio-8081-exec-2 druid.sql.Statement - {conn-10005, pstmt-20004} Parameters : [5, 5]
DEBUG http-nio-8081-exec-2 druid.sql.Statement - {conn-10005, pstmt-20004} Types : [INTEGER, INTEGER]
DEBUG http-nio-8081-exec-2 druid.sql.Statement - {conn-10005, pstmt-20004} executed. 1.1217 millis. SELECT * FROM ELDER LIMIT ?, ? 
DEBUG http-nio-8081-exec-2 druid.sql.ResultSet - {conn-10005, pstmt-20004, rs-50008} open
DEBUG http-nio-8081-exec-2 druid.sql.ResultSet - {conn-10005, pstmt-20004, rs-50008} Header: [id, elder_name, gender, nation, age, address, medical_history, care_of_oneself, caregivers_name, relations_elder, phone, room, bed, portrait, file_id]
DEBUG http-nio-8081-exec-2 druid.sql.ResultSet - {conn-10005, pstmt-20004, rs-50008} Result: [14, 李某某, 1, 1, 188, 1, 1, 1, 李某某儿子, 1, 1, 1, 1, null, null]
DEBUG http-nio-8081-exec-2 druid.sql.ResultSet - {conn-10005, pstmt-20004, rs-50008} Result: [15, 李某某, 0, 1, 1943, 1, 1, 1, 1, 1, 1, 1, 1, null, null]
DEBUG http-nio-8081-exec-2 druid.sql.ResultSet - {conn-10005, pstmt-20004, rs-50008} Result: [18, 刘, 0, 汉, 12, 山大双误, dsad, dsad, 刘儿子, 1, 15934584985, 1, 1, null, 70]
DEBUG http-nio-8081-exec-2 druid.sql.ResultSet - {conn-10005, pstmt-20004, rs-50008} Result: [19, 刘2222, 1, buzhi, 12, 山大双误, dsad, dsad, 刘儿子, 1, 15934584985, 1, 1, null, 71]
DEBUG http-nio-8081-exec-2 druid.sql.ResultSet - {conn-10005, pstmt-20004, rs-50008} Result: [20, 222, 1, 2, 2, 2, 2, 2, 2, 2, 2, 2, 2, null, 72]
DEBUG http-nio-8081-exec-2 druid.sql.ResultSet - {conn-10005, pstmt-20004, rs-50008} closed
DEBUG http-nio-8081-exec-2 druid.sql.Statement - {conn-10005, pstmt-20004} clearParameters. 
DEBUG http-nio-8081-exec-2 druid.sql.Connection - {conn-10005} pool-recycle
DEBUG http-nio-8081-exec-4 druid.sql.Connection - {conn-10005} pool-connect
DEBUG http-nio-8081-exec-4 druid.sql.Statement - {conn-10005, pstmt-20003} Parameters : []
DEBUG http-nio-8081-exec-4 druid.sql.Statement - {conn-10005, pstmt-20003} Types : []
DEBUG http-nio-8081-exec-4 druid.sql.Statement - {conn-10005, pstmt-20003} executed. 0.9226 millis. SELECT count(0) FROM ELDER
DEBUG http-nio-8081-exec-4 druid.sql.ResultSet - {conn-10005, pstmt-20003, rs-50009} open
DEBUG http-nio-8081-exec-4 druid.sql.ResultSet - {conn-10005, pstmt-20003, rs-50009} Header: [count(0)]
DEBUG http-nio-8081-exec-4 druid.sql.ResultSet - {conn-10005, pstmt-20003, rs-50009} Result: [11]
DEBUG http-nio-8081-exec-4 druid.sql.ResultSet - {conn-10005, pstmt-20003, rs-50009} closed
DEBUG http-nio-8081-exec-4 druid.sql.Statement - {conn-10005, pstmt-20003} clearParameters. 
DEBUG http-nio-8081-exec-4 druid.sql.Statement - {conn-10005, pstmt-20005} created. SELECT * FROM ELDER LIMIT ? 
DEBUG http-nio-8081-exec-4 druid.sql.Statement - {conn-10005, pstmt-20005} Parameters : [5]
DEBUG http-nio-8081-exec-4 druid.sql.Statement - {conn-10005, pstmt-20005} Types : [INTEGER]
DEBUG http-nio-8081-exec-4 druid.sql.Statement - {conn-10005, pstmt-20005} executed. 1.3407 millis. SELECT * FROM ELDER LIMIT ? 
DEBUG http-nio-8081-exec-4 druid.sql.ResultSet - {conn-10005, pstmt-20005, rs-50010} open
DEBUG http-nio-8081-exec-4 druid.sql.ResultSet - {conn-10005, pstmt-20005, rs-50010} Header: [id, elder_name, gender, nation, age, address, medical_history, care_of_oneself, caregivers_name, relations_elder, phone, room, bed, portrait, file_id]
DEBUG http-nio-8081-exec-4 druid.sql.ResultSet - {conn-10005, pstmt-20005, rs-50010} Result: [2, 李某某, 0, 藏族, 88, 大同, 无, 无自理能力, 李某某的女儿, 女儿, 12738432348, 5, 2, , null]
DEBUG http-nio-8081-exec-4 druid.sql.ResultSet - {conn-10005, pstmt-20005, rs-50010} Result: [3, 刘某某, 1, 汉族, 99, 太原, 无, 有自理能力, 刘某某儿子, 儿子, 13834567483, 2, 1, , null]
DEBUG http-nio-8081-exec-4 druid.sql.ResultSet - {conn-10005, pstmt-20005, rs-50010} Result: [4, 刘某某, 1, 汉族, 99, 太原, 无, 有自理能力, 刘某某儿子, 儿子, 13834567483, 2, 1, , null]
DEBUG http-nio-8081-exec-4 druid.sql.ResultSet - {conn-10005, pstmt-20005, rs-50010} Result: [5, 刘某某, 1, 汉族, 99, 太原, 无, 有自理能力, 刘某某儿子, 儿子, 13834567483, 2, 1, , null]
DEBUG http-nio-8081-exec-4 druid.sql.ResultSet - {conn-10005, pstmt-20005, rs-50010} Result: [13, 122, 1, 1, 1222, 1, 1, 1, 1, 1, 1, 1, 1, , null]
DEBUG http-nio-8081-exec-4 druid.sql.ResultSet - {conn-10005, pstmt-20005, rs-50010} closed
DEBUG http-nio-8081-exec-4 druid.sql.Statement - {conn-10005, pstmt-20005} clearParameters. 
DEBUG http-nio-8081-exec-4 druid.sql.Connection - {conn-10005} pool-recycle
DEBUG http-nio-8081-exec-3 druid.sql.Connection - {conn-10001} connected
DEBUG http-nio-8081-exec-3 druid.sql.Connection - {conn-10002} connected
DEBUG http-nio-8081-exec-3 druid.sql.Connection - {conn-10003} connected
DEBUG http-nio-8081-exec-3 druid.sql.Connection - {conn-10004} connected
DEBUG http-nio-8081-exec-3 druid.sql.Connection - {conn-10005} connected
DEBUG http-nio-8081-exec-3 druid.sql.Connection - {conn-10005} pool-connect
DEBUG http-nio-8081-exec-3 druid.sql.Statement - {conn-10005, pstmt-20000} created. SELECT * FROM user
DEBUG http-nio-8081-exec-3 druid.sql.Statement - {conn-10005, pstmt-20000} Parameters : []
DEBUG http-nio-8081-exec-3 druid.sql.Statement - {conn-10005, pstmt-20000} Types : []
DEBUG http-nio-8081-exec-3 druid.sql.Statement - {conn-10005, pstmt-20000} executed. 17.1471 millis. SELECT * FROM user
DEBUG http-nio-8081-exec-3 druid.sql.ResultSet - {conn-10005, pstmt-20000, rs-50000} open
DEBUG http-nio-8081-exec-3 druid.sql.ResultSet - {conn-10005, pstmt-20000, rs-50000} Header: [id, user_name, pass_word]
DEBUG http-nio-8081-exec-3 druid.sql.ResultSet - {conn-10005, pstmt-20000, rs-50000} Result: [1, admin, 123456]
DEBUG http-nio-8081-exec-3 druid.sql.ResultSet - {conn-10005, pstmt-20000, rs-50000} Result: [2, xu, 123456]
DEBUG http-nio-8081-exec-3 druid.sql.ResultSet - {conn-10005, pstmt-20000, rs-50000} closed
DEBUG http-nio-8081-exec-3 druid.sql.Statement - {conn-10005, pstmt-20000} clearParameters. 
DEBUG http-nio-8081-exec-3 druid.sql.Connection - {conn-10005} pool-recycle
DEBUG http-nio-8081-exec-5 druid.sql.Connection - {conn-10005} pool-connect
DEBUG http-nio-8081-exec-5 druid.sql.Statement - {conn-10005, pstmt-20000} Parameters : []
DEBUG http-nio-8081-exec-5 druid.sql.Statement - {conn-10005, pstmt-20000} Types : []
DEBUG http-nio-8081-exec-5 druid.sql.Statement - {conn-10005, pstmt-20000} executed. 2.3343 millis. SELECT * FROM user
DEBUG http-nio-8081-exec-5 druid.sql.ResultSet - {conn-10005, pstmt-20000, rs-50001} open
DEBUG http-nio-8081-exec-5 druid.sql.ResultSet - {conn-10005, pstmt-20000, rs-50001} Header: [id, user_name, pass_word]
DEBUG http-nio-8081-exec-5 druid.sql.ResultSet - {conn-10005, pstmt-20000, rs-50001} Result: [1, admin, 123456]
DEBUG http-nio-8081-exec-5 druid.sql.ResultSet - {conn-10005, pstmt-20000, rs-50001} Result: [2, xu, 123456]
DEBUG http-nio-8081-exec-5 druid.sql.ResultSet - {conn-10005, pstmt-20000, rs-50001} closed
DEBUG http-nio-8081-exec-5 druid.sql.Statement - {conn-10005, pstmt-20000} clearParameters. 
DEBUG http-nio-8081-exec-5 druid.sql.Connection - {conn-10005} pool-recycle
DEBUG http-nio-8081-exec-4 druid.sql.Connection - {conn-10005} pool-connect
DEBUG http-nio-8081-exec-4 druid.sql.Statement - {conn-10005, pstmt-20000} Parameters : []
DEBUG http-nio-8081-exec-4 druid.sql.Statement - {conn-10005, pstmt-20000} Types : []
DEBUG http-nio-8081-exec-4 druid.sql.Statement - {conn-10005, pstmt-20000} executed. 3.6653 millis. SELECT * FROM user
DEBUG http-nio-8081-exec-4 druid.sql.ResultSet - {conn-10005, pstmt-20000, rs-50002} open
DEBUG http-nio-8081-exec-4 druid.sql.ResultSet - {conn-10005, pstmt-20000, rs-50002} Header: [id, user_name, pass_word]
DEBUG http-nio-8081-exec-4 druid.sql.ResultSet - {conn-10005, pstmt-20000, rs-50002} Result: [1, admin, 123456]
DEBUG http-nio-8081-exec-4 druid.sql.ResultSet - {conn-10005, pstmt-20000, rs-50002} Result: [2, xu, 123456]
DEBUG http-nio-8081-exec-4 druid.sql.ResultSet - {conn-10005, pstmt-20000, rs-50002} closed
DEBUG http-nio-8081-exec-4 druid.sql.Statement - {conn-10005, pstmt-20000} clearParameters. 
DEBUG http-nio-8081-exec-4 druid.sql.Connection - {conn-10005} pool-recycle
DEBUG http-nio-8081-exec-6 druid.sql.Connection - {conn-10005} pool-connect
DEBUG http-nio-8081-exec-6 druid.sql.Statement - {conn-10005, pstmt-20000} Parameters : []
DEBUG http-nio-8081-exec-6 druid.sql.Statement - {conn-10005, pstmt-20000} Types : []
DEBUG http-nio-8081-exec-6 druid.sql.Statement - {conn-10005, pstmt-20000} executed. 2.4255 millis. SELECT * FROM user
DEBUG http-nio-8081-exec-6 druid.sql.ResultSet - {conn-10005, pstmt-20000, rs-50003} open
DEBUG http-nio-8081-exec-6 druid.sql.ResultSet - {conn-10005, pstmt-20000, rs-50003} Header: [id, user_name, pass_word]
DEBUG http-nio-8081-exec-6 druid.sql.ResultSet - {conn-10005, pstmt-20000, rs-50003} Result: [1, admin, 123456]
DEBUG http-nio-8081-exec-6 druid.sql.ResultSet - {conn-10005, pstmt-20000, rs-50003} Result: [2, xu, 123456]
DEBUG http-nio-8081-exec-6 druid.sql.ResultSet - {conn-10005, pstmt-20000, rs-50003} closed
DEBUG http-nio-8081-exec-6 druid.sql.Statement - {conn-10005, pstmt-20000} clearParameters. 
DEBUG http-nio-8081-exec-6 druid.sql.Connection - {conn-10005} pool-recycle
DEBUG http-nio-8081-exec-8 druid.sql.Connection - {conn-10005} pool-connect
DEBUG http-nio-8081-exec-8 druid.sql.Statement - {conn-10005, pstmt-20000} Parameters : []
DEBUG http-nio-8081-exec-8 druid.sql.Statement - {conn-10005, pstmt-20000} Types : []
DEBUG http-nio-8081-exec-8 druid.sql.Statement - {conn-10005, pstmt-20000} executed. 2.5351 millis. SELECT * FROM user
DEBUG http-nio-8081-exec-8 druid.sql.ResultSet - {conn-10005, pstmt-20000, rs-50004} open
DEBUG http-nio-8081-exec-8 druid.sql.ResultSet - {conn-10005, pstmt-20000, rs-50004} Header: [id, user_name, pass_word]
DEBUG http-nio-8081-exec-8 druid.sql.ResultSet - {conn-10005, pstmt-20000, rs-50004} Result: [1, admin, 123456]
DEBUG http-nio-8081-exec-8 druid.sql.ResultSet - {conn-10005, pstmt-20000, rs-50004} Result: [2, xu, 123456]
DEBUG http-nio-8081-exec-8 druid.sql.ResultSet - {conn-10005, pstmt-20000, rs-50004} closed
DEBUG http-nio-8081-exec-8 druid.sql.Statement - {conn-10005, pstmt-20000} clearParameters. 
DEBUG http-nio-8081-exec-8 druid.sql.Connection - {conn-10005} pool-recycle
DEBUG http-nio-8081-exec-8 druid.sql.Connection - {conn-10005} pool-connect
DEBUG http-nio-8081-exec-8 druid.sql.Statement - {conn-10005, pstmt-20001} created. insert into user
        (user_name,pass_word)
        value
        (?,?)
DEBUG http-nio-8081-exec-8 druid.sql.Statement - {conn-10005, pstmt-20001} Parameters : [yanxu, yanxu]
DEBUG http-nio-8081-exec-8 druid.sql.Statement - {conn-10005, pstmt-20001} Types : [VARCHAR, VARCHAR]
DEBUG http-nio-8081-exec-8 druid.sql.Statement - {conn-10005, pstmt-20001} executed. 28.4826 millis. insert into user
        (user_name,pass_word)
        value
        (?,?)
DEBUG http-nio-8081-exec-8 druid.sql.Statement - {conn-10005, pstmt-20001} clearParameters. 
DEBUG http-nio-8081-exec-8 druid.sql.Connection - {conn-10005} pool-recycle
DEBUG http-nio-8081-exec-9 druid.sql.Connection - {conn-10005} pool-connect
DEBUG http-nio-8081-exec-9 druid.sql.Statement - {conn-10005, pstmt-20000} Parameters : []
DEBUG http-nio-8081-exec-9 druid.sql.Statement - {conn-10005, pstmt-20000} Types : []
DEBUG http-nio-8081-exec-9 druid.sql.Statement - {conn-10005, pstmt-20000} executed. 1.1825 millis. SELECT * FROM user
DEBUG http-nio-8081-exec-9 druid.sql.ResultSet - {conn-10005, pstmt-20000, rs-50005} open
DEBUG http-nio-8081-exec-9 druid.sql.ResultSet - {conn-10005, pstmt-20000, rs-50005} Header: [id, user_name, pass_word]
DEBUG http-nio-8081-exec-9 druid.sql.ResultSet - {conn-10005, pstmt-20000, rs-50005} Result: [1, admin, 123456]
DEBUG http-nio-8081-exec-9 druid.sql.ResultSet - {conn-10005, pstmt-20000, rs-50005} Result: [2, xu, 123456]
DEBUG http-nio-8081-exec-9 druid.sql.ResultSet - {conn-10005, pstmt-20000, rs-50005} Result: [15, yanxu, yanxu]
DEBUG http-nio-8081-exec-9 druid.sql.ResultSet - {conn-10005, pstmt-20000, rs-50005} closed
DEBUG http-nio-8081-exec-9 druid.sql.Statement - {conn-10005, pstmt-20000} clearParameters. 
DEBUG http-nio-8081-exec-9 druid.sql.Connection - {conn-10005} pool-recycle
DEBUG http-nio-8081-exec-2 druid.sql.Connection - {conn-10005} pool-connect
DEBUG http-nio-8081-exec-2 druid.sql.Statement - {conn-10005, pstmt-20002} created. SELECT count(0) FROM elder e LEFT JOIN file f ON e.file_id = f.file_id
DEBUG http-nio-8081-exec-2 druid.sql.Statement - {conn-10005, pstmt-20002} Parameters : []
DEBUG http-nio-8081-exec-2 druid.sql.Statement - {conn-10005, pstmt-20002} Types : []
DEBUG http-nio-8081-exec-2 druid.sql.Statement - {conn-10005, pstmt-20002} executed. 23.9829 millis. SELECT count(0) FROM elder e LEFT JOIN file f ON e.file_id = f.file_id
DEBUG http-nio-8081-exec-2 druid.sql.ResultSet - {conn-10005, pstmt-20002, rs-50006} open
DEBUG http-nio-8081-exec-2 druid.sql.ResultSet - {conn-10005, pstmt-20002, rs-50006} Header: [count(0)]
DEBUG http-nio-8081-exec-2 druid.sql.ResultSet - {conn-10005, pstmt-20002, rs-50006} Result: [11]
DEBUG http-nio-8081-exec-2 druid.sql.ResultSet - {conn-10005, pstmt-20002, rs-50006} closed
DEBUG http-nio-8081-exec-2 druid.sql.Statement - {conn-10005, pstmt-20002} clearParameters. 
DEBUG http-nio-8081-exec-2 druid.sql.Statement - {conn-10005, pstmt-20003} created. select * from elder e
        left join file f on e.file_id=f.file_id LIMIT ? 
DEBUG http-nio-8081-exec-2 druid.sql.Statement - {conn-10005, pstmt-20003} Parameters : [5]
DEBUG http-nio-8081-exec-2 druid.sql.Statement - {conn-10005, pstmt-20003} Types : [INTEGER]
DEBUG http-nio-8081-exec-2 druid.sql.Statement - {conn-10005, pstmt-20003} executed. 1.5326 millis. select * from elder e
        left join file f on e.file_id=f.file_id LIMIT ? 
DEBUG http-nio-8081-exec-2 druid.sql.ResultSet - {conn-10005, pstmt-20003, rs-50007} open
DEBUG http-nio-8081-exec-2 druid.sql.ResultSet - {conn-10005, pstmt-20003, rs-50007} Header: [id, elder_name, gender, nation, age, address, medical_history, care_of_oneself, caregivers_name, relations_elder, phone, room, bed, portrait, file_id, file_id, file_url, file_name, ftp_url, ftp_name]
DEBUG http-nio-8081-exec-2 druid.sql.ResultSet - {conn-10005, pstmt-20003, rs-50007} Result: [18, 刘, 0, 汉, 12, 山大双误, dsad, dsad, 刘儿子, 1, 15934584985, 1, 1, null, 70, 70, /www/images/yx, login_bg1.png, /www/images/yx, 2019-05-05 22:23:52-login_bg1.png]
DEBUG http-nio-8081-exec-2 druid.sql.ResultSet - {conn-10005, pstmt-20003, rs-50007} Result: [19, 刘2222, 1, buzhi, 12, 山大双误, dsad, dsad, 刘儿子, 1, 15934584985, 1, 1, null, 71, 71, /www/images/yx, 新建 Microsoft Word 文档.docx, /www/images/yx, 2019-05-05 22:26:26-新建 Microsoft Word 文档.docx]
DEBUG http-nio-8081-exec-2 druid.sql.ResultSet - {conn-10005, pstmt-20003, rs-50007} Result: [20, 222, 1, 2, 2, 2, 2, 2, 2, 2, 2, 2, 2, null, 72, 72, /www/images/yx, bb.docx, /www/images/yx, 2019-06-16 21:01:22-bb.docx]
DEBUG http-nio-8081-exec-2 druid.sql.ResultSet - {conn-10005, pstmt-20003, rs-50007} Result: [21, 张某某, 1, 汉, 52, 山大双误, 无, 有, 张某某儿子, 儿子, 15934584985, 2, 1, null, 73, 73, /www/images/yx, 现代商务Word简历模板_财务类_.doc, /www/images/yx, 2019-06-17 21:23:46-现代商务Word简历模板_财务类_.doc]
DEBUG http-nio-8081-exec-2 druid.sql.ResultSet - {conn-10005, pstmt-20003, rs-50007} Result: [2, 李某某, 0, 藏族, 88, 大同, 无, 无自理能力, 李某某的女儿, 女儿, 12738432348, 5, 2, , null, null, null, null, null, null]
DEBUG http-nio-8081-exec-2 druid.sql.ResultSet - {conn-10005, pstmt-20003, rs-50007} closed
DEBUG http-nio-8081-exec-2 druid.sql.Statement - {conn-10005, pstmt-20003} clearParameters. 
DEBUG http-nio-8081-exec-2 druid.sql.Connection - {conn-10005} pool-recycle
DEBUG http-nio-8081-exec-3 druid.sql.Connection - {conn-10005} pool-connect
DEBUG http-nio-8081-exec-3 druid.sql.Statement - {conn-10005, pstmt-20004} created. SELECT count(0) FROM ELDER
DEBUG http-nio-8081-exec-3 druid.sql.Statement - {conn-10005, pstmt-20004} Parameters : []
DEBUG http-nio-8081-exec-3 druid.sql.Statement - {conn-10005, pstmt-20004} Types : []
DEBUG http-nio-8081-exec-3 druid.sql.Statement - {conn-10005, pstmt-20004} executed. 0.991 millis. SELECT count(0) FROM ELDER
DEBUG http-nio-8081-exec-3 druid.sql.ResultSet - {conn-10005, pstmt-20004, rs-50008} open
DEBUG http-nio-8081-exec-3 druid.sql.ResultSet - {conn-10005, pstmt-20004, rs-50008} Header: [count(0)]
DEBUG http-nio-8081-exec-3 druid.sql.ResultSet - {conn-10005, pstmt-20004, rs-50008} Result: [11]
DEBUG http-nio-8081-exec-3 druid.sql.ResultSet - {conn-10005, pstmt-20004, rs-50008} closed
DEBUG http-nio-8081-exec-3 druid.sql.Statement - {conn-10005, pstmt-20004} clearParameters. 
DEBUG http-nio-8081-exec-3 druid.sql.Statement - {conn-10005, pstmt-20005} created. SELECT * FROM ELDER LIMIT ?, ? 
DEBUG http-nio-8081-exec-3 druid.sql.Statement - {conn-10005, pstmt-20005} Parameters : [5, 5]
DEBUG http-nio-8081-exec-3 druid.sql.Statement - {conn-10005, pstmt-20005} Types : [INTEGER, INTEGER]
DEBUG http-nio-8081-exec-3 druid.sql.Statement - {conn-10005, pstmt-20005} executed. 1.6113 millis. SELECT * FROM ELDER LIMIT ?, ? 
DEBUG http-nio-8081-exec-3 druid.sql.ResultSet - {conn-10005, pstmt-20005, rs-50009} open
DEBUG http-nio-8081-exec-3 druid.sql.ResultSet - {conn-10005, pstmt-20005, rs-50009} Header: [id, elder_name, gender, nation, age, address, medical_history, care_of_oneself, caregivers_name, relations_elder, phone, room, bed, portrait, file_id]
DEBUG http-nio-8081-exec-3 druid.sql.ResultSet - {conn-10005, pstmt-20005, rs-50009} Result: [14, 李某某, 1, 1, 188, 1, 1, 1, 李某某儿子, 1, 1, 1, 1, null, null]
DEBUG http-nio-8081-exec-3 druid.sql.ResultSet - {conn-10005, pstmt-20005, rs-50009} Result: [15, 李某某, 0, 1, 1943, 1, 1, 1, 1, 1, 1, 1, 1, null, null]
DEBUG http-nio-8081-exec-3 druid.sql.ResultSet - {conn-10005, pstmt-20005, rs-50009} Result: [18, 刘, 0, 汉, 12, 山大双误, dsad, dsad, 刘儿子, 1, 15934584985, 1, 1, null, 70]
DEBUG http-nio-8081-exec-3 druid.sql.ResultSet - {conn-10005, pstmt-20005, rs-50009} Result: [19, 刘2222, 1, buzhi, 12, 山大双误, dsad, dsad, 刘儿子, 1, 15934584985, 1, 1, null, 71]
DEBUG http-nio-8081-exec-3 druid.sql.ResultSet - {conn-10005, pstmt-20005, rs-50009} Result: [20, 222, 1, 2, 2, 2, 2, 2, 2, 2, 2, 2, 2, null, 72]
DEBUG http-nio-8081-exec-3 druid.sql.ResultSet - {conn-10005, pstmt-20005, rs-50009} closed
DEBUG http-nio-8081-exec-3 druid.sql.Statement - {conn-10005, pstmt-20005} clearParameters. 
DEBUG http-nio-8081-exec-3 druid.sql.Connection - {conn-10005} pool-recycle
DEBUG http-nio-8081-exec-4 druid.sql.Connection - {conn-10005} pool-connect
DEBUG http-nio-8081-exec-4 druid.sql.Statement - {conn-10005, pstmt-20004} Parameters : []
DEBUG http-nio-8081-exec-4 druid.sql.Statement - {conn-10005, pstmt-20004} Types : []
DEBUG http-nio-8081-exec-4 druid.sql.Statement - {conn-10005, pstmt-20004} executed. 1.0213 millis. SELECT count(0) FROM ELDER
DEBUG http-nio-8081-exec-4 druid.sql.ResultSet - {conn-10005, pstmt-20004, rs-50010} open
DEBUG http-nio-8081-exec-4 druid.sql.ResultSet - {conn-10005, pstmt-20004, rs-50010} Header: [count(0)]
DEBUG http-nio-8081-exec-4 druid.sql.ResultSet - {conn-10005, pstmt-20004, rs-50010} Result: [11]
DEBUG http-nio-8081-exec-4 druid.sql.ResultSet - {conn-10005, pstmt-20004, rs-50010} closed
DEBUG http-nio-8081-exec-4 druid.sql.Statement - {conn-10005, pstmt-20004} clearParameters. 
DEBUG http-nio-8081-exec-4 druid.sql.Statement - {conn-10005, pstmt-20005} Parameters : [10, 5]
DEBUG http-nio-8081-exec-4 druid.sql.Statement - {conn-10005, pstmt-20005} Types : [INTEGER, INTEGER]
DEBUG http-nio-8081-exec-4 druid.sql.Statement - {conn-10005, pstmt-20005} executed. 1.491 millis. SELECT * FROM ELDER LIMIT ?, ? 
DEBUG http-nio-8081-exec-4 druid.sql.ResultSet - {conn-10005, pstmt-20005, rs-50011} open
DEBUG http-nio-8081-exec-4 druid.sql.ResultSet - {conn-10005, pstmt-20005, rs-50011} Header: [id, elder_name, gender, nation, age, address, medical_history, care_of_oneself, caregivers_name, relations_elder, phone, room, bed, portrait, file_id]
DEBUG http-nio-8081-exec-4 druid.sql.ResultSet - {conn-10005, pstmt-20005, rs-50011} Result: [21, 张某某, 1, 汉, 52, 山大双误, 无, 有, 张某某儿子, 儿子, 15934584985, 2, 1, null, 73]
DEBUG http-nio-8081-exec-4 druid.sql.ResultSet - {conn-10005, pstmt-20005, rs-50011} closed
DEBUG http-nio-8081-exec-4 druid.sql.Statement - {conn-10005, pstmt-20005} clearParameters. 
DEBUG http-nio-8081-exec-4 druid.sql.Connection - {conn-10005} pool-recycle
DEBUG http-nio-8081-exec-8 druid.sql.Connection - {conn-10005} pool-connect
DEBUG http-nio-8081-exec-8 druid.sql.Statement - {conn-10005, pstmt-20004} Parameters : []
DEBUG http-nio-8081-exec-8 druid.sql.Statement - {conn-10005, pstmt-20004} Types : []
DEBUG http-nio-8081-exec-8 druid.sql.Statement - {conn-10005, pstmt-20004} executed. 0.9194 millis. SELECT count(0) FROM ELDER
DEBUG http-nio-8081-exec-8 druid.sql.ResultSet - {conn-10005, pstmt-20004, rs-50012} open
DEBUG http-nio-8081-exec-8 druid.sql.ResultSet - {conn-10005, pstmt-20004, rs-50012} Header: [count(0)]
DEBUG http-nio-8081-exec-8 druid.sql.ResultSet - {conn-10005, pstmt-20004, rs-50012} Result: [11]
DEBUG http-nio-8081-exec-8 druid.sql.ResultSet - {conn-10005, pstmt-20004, rs-50012} closed
DEBUG http-nio-8081-exec-8 druid.sql.Statement - {conn-10005, pstmt-20004} clearParameters. 
DEBUG http-nio-8081-exec-8 druid.sql.Statement - {conn-10005, pstmt-20005} Parameters : [5, 5]
DEBUG http-nio-8081-exec-8 druid.sql.Statement - {conn-10005, pstmt-20005} Types : [INTEGER, INTEGER]
DEBUG http-nio-8081-exec-8 druid.sql.Statement - {conn-10005, pstmt-20005} executed. 1.4908 millis. SELECT * FROM ELDER LIMIT ?, ? 
DEBUG http-nio-8081-exec-8 druid.sql.ResultSet - {conn-10005, pstmt-20005, rs-50013} open
DEBUG http-nio-8081-exec-8 druid.sql.ResultSet - {conn-10005, pstmt-20005, rs-50013} Header: [id, elder_name, gender, nation, age, address, medical_history, care_of_oneself, caregivers_name, relations_elder, phone, room, bed, portrait, file_id]
DEBUG http-nio-8081-exec-8 druid.sql.ResultSet - {conn-10005, pstmt-20005, rs-50013} Result: [14, 李某某, 1, 1, 188, 1, 1, 1, 李某某儿子, 1, 1, 1, 1, null, null]
DEBUG http-nio-8081-exec-8 druid.sql.ResultSet - {conn-10005, pstmt-20005, rs-50013} Result: [15, 李某某, 0, 1, 1943, 1, 1, 1, 1, 1, 1, 1, 1, null, null]
DEBUG http-nio-8081-exec-8 druid.sql.ResultSet - {conn-10005, pstmt-20005, rs-50013} Result: [18, 刘, 0, 汉, 12, 山大双误, dsad, dsad, 刘儿子, 1, 15934584985, 1, 1, null, 70]
DEBUG http-nio-8081-exec-8 druid.sql.ResultSet - {conn-10005, pstmt-20005, rs-50013} Result: [19, 刘2222, 1, buzhi, 12, 山大双误, dsad, dsad, 刘儿子, 1, 15934584985, 1, 1, null, 71]
DEBUG http-nio-8081-exec-8 druid.sql.ResultSet - {conn-10005, pstmt-20005, rs-50013} Result: [20, 222, 1, 2, 2, 2, 2, 2, 2, 2, 2, 2, 2, null, 72]
DEBUG http-nio-8081-exec-8 druid.sql.ResultSet - {conn-10005, pstmt-20005, rs-50013} closed
DEBUG http-nio-8081-exec-8 druid.sql.Statement - {conn-10005, pstmt-20005} clearParameters. 
DEBUG http-nio-8081-exec-8 druid.sql.Connection - {conn-10005} pool-recycle
